2025-04-08 18:58:49,126-ERROR-\u2705 Database connected successfully!
2025-04-08 19:02:25,591-ERROR-\u2705 Database connected successfully!
2025-04-08 19:05:45,439-ERROR-\u2705 Database connected successfully!
2025-04-08 19:18:22,253-ERROR-\u2705 Database connected successfully!
2025-04-08 19:18:48,831-ERROR-Error verify password hash could not be identified
2025-04-08 19:18:48,831-ERROR-loggin error 404: Invalid Credentials
2025-04-08 19:19:32,747-ERROR-Invalid Token
2025-04-08 19:19:32,747-ERROR-Current User Error 401: Invalid token
2025-04-08 19:19:38,814-ERROR-Invalid Token
2025-04-08 19:19:38,814-ERROR-Current User Error 401: Invalid token
2025-04-08 19:20:40,976-ERROR-Error verify password hash could not be identified
2025-04-08 19:20:40,976-ERROR-loggin error 404: Invalid Credentials
2025-04-08 19:20:45,394-ERROR-Invalid Token
2025-04-08 19:20:45,394-ERROR-Current User Error 401: Invalid token
2025-04-08 19:20:49,851-ERROR-Invalid Token
2025-04-08 19:20:49,851-ERROR-Current User Error 401: Invalid token
2025-04-08 19:24:29,831-ERROR-\u2705 Database connected successfully!
2025-04-08 19:24:34,353-ERROR-Error verify password hash could not be identified
2025-04-08 19:24:34,353-ERROR-loggin error 404: Invalid Credentials
2025-04-08 19:24:41,222-ERROR-Invalid Token
2025-04-08 19:24:41,222-ERROR-Current User Error 401: Invalid token
2025-04-08 19:24:44,164-ERROR-Invalid Token
2025-04-08 19:24:44,164-ERROR-Current User Error 401: Invalid token
2025-04-08 19:27:13,867-ERROR-Invalid Token
2025-04-08 19:27:13,867-ERROR-Current User Error 401: Invalid token
2025-04-08 19:27:13,869-ERROR-Database error: 401: Invalid authentication credentials
2025-04-08 19:30:02,024-ERROR-Error verify password hash could not be identified
2025-04-08 19:30:02,024-ERROR-loggin error 404: Invalid Credentials
2025-04-08 19:30:05,994-ERROR-Error verify password hash could not be identified
2025-04-08 19:30:05,994-ERROR-loggin error 404: Invalid Credentials
2025-04-08 19:30:19,833-ERROR-Error verify password hash could not be identified
2025-04-08 19:30:19,835-ERROR-loggin error 404: Invalid Credentials
2025-04-08 19:30:23,345-ERROR-Error verify password hash could not be identified
2025-04-08 19:30:23,345-ERROR-loggin error 404: Invalid Credentials
2025-04-08 19:30:45,738-ERROR-Error verify password hash could not be identified
2025-04-08 19:30:45,738-ERROR-loggin error 404: Invalid Credentials
2025-04-08 19:30:49,570-ERROR-Error verify password hash could not be identified
2025-04-08 19:30:49,570-ERROR-loggin error 404: Invalid Credentials
2025-04-09 18:14:35,692-ERROR-\u2705 Database connected successfully!
2025-04-09 18:18:58,178-ERROR-\u2705 Database connected successfully!
2025-04-09 18:19:16,337-ERROR-Error verify password hash could not be identified
2025-04-09 18:19:16,338-ERROR-loggin error 404: Invalid Credentials
2025-04-09 18:20:54,153-ERROR-\u2705 Database connected successfully!
2025-04-09 18:24:32,803-ERROR-\u2705 Database connected successfully!
2025-04-09 18:24:40,193-ERROR-\u2705 Database connected successfully!
2025-04-09 18:24:44,997-ERROR-\u2705 Database connected successfully!
2025-04-09 18:25:01,774-ERROR-\u2705 Database connected successfully!
2025-04-09 18:25:12,742-ERROR-\u2705 Database connected successfully!
2025-04-09 18:25:44,059-ERROR-\u2705 Database connected successfully!
2025-04-09 18:25:49,755-ERROR-\u2705 Database connected successfully!
2025-04-09 18:26:11,217-ERROR-\u2705 Database connected successfully!
2025-04-09 18:26:21,898-ERROR-\u2705 Database connected successfully!
2025-04-09 18:28:36,364-ERROR-\u2705 Database connected successfully!
2025-04-09 18:29:50,731-ERROR-\u2705 Database connected successfully!
2025-04-09 18:31:15,814-ERROR-\u2705 Database connected successfully!
2025-04-09 18:31:49,135-ERROR-\u2705 Database connected successfully!
2025-04-09 18:32:07,321-ERROR-\u2705 Database connected successfully!
2025-04-09 18:45:41,394-ERROR-\u2705 Database connected successfully!
2025-04-09 18:46:52,331-ERROR-\u2705 Database connected successfully!
2025-04-09 18:58:26,723-ERROR-\u2705 Database connected successfully!
2025-04-09 19:01:06,602-ERROR-\u2705 Database connected successfully!
2025-04-09 19:04:25,111-ERROR-\u2705 Database connected successfully!
2025-04-09 19:06:40,390-ERROR-\u2705 Database connected successfully!
2025-04-09 19:31:59,013-ERROR-\u2705 Database connected successfully!
2025-04-09 19:38:25,684-ERROR-\u2705 Database connected successfully!
2025-04-09 19:44:27,182-ERROR-\u2705 Database connected successfully!
2025-04-09 20:02:41,494-ERROR-\u2705 Database connected successfully!
2025-04-09 20:03:58,772-ERROR-\u2705 Database connected successfully!
2025-04-09 20:04:32,157-ERROR-\u2705 Database connected successfully!
2025-04-09 20:04:45,146-ERROR-Database error: name 'username' is not defined
2025-04-09 20:04:48,930-ERROR-\u2705 Database connected successfully!
2025-04-09 20:05:42,078-ERROR-\u2705 Database connected successfully!
2025-04-09 20:05:50,957-ERROR-\u2705 Database connected successfully!
